#
# There is insufficient memory for the Java Runtime Environment to continue.
# Native memory allocation (mmap) failed to map 65536 bytes for Failed to commit metaspace.
# Possible reasons:
#   The system is out of physical RAM or swap space
#   The process is running with CompressedOops enabled, and the Java Heap may be blocking the growth of the native heap
# Possible solutions:
#   Reduce memory load on the system
#   Increase physical memory or swap space
#   Check if swap backing store is full
#   Decrease Java heap size (-Xmx/-Xms)
#   Decrease number of Java threads
#   Decrease Java thread stack sizes (-Xss)
#   Set larger code cache with -XX:ReservedCodeCacheSize=
#   JVM is running with Zero Based Compressed Oops mode in which the Java heap is
#     placed in the first 32GB address space. The Java Heap base address is the
#     maximum limit for the native heap growth. Please use -XX:HeapBaseMinAddress
#     to set the Java Heap base and to place the Java Heap above 32GB virtual address.
# This output file may be truncated or incomplete.
#
#  Out of Memory Error (virtualSpaceNode.cpp:110), pid=14768, tid=13192
#
# JRE version: OpenJDK Runtime Environment JBR-17.0.6+10-829.9-jcef (17.0.6+10) (build 17.0.6+10-b829.9)
# Java VM: OpenJDK 64-Bit Server VM JBR-17.0.6+10-829.9-jcef (17.0.6+10-b829.9, mixed mode, tiered, compressed oops, compressed class ptrs, g1 gc, windows-amd64)
# No core dump will be written. Minidumps are not enabled by default on client versions of Windows
#

---------------  S U M M A R Y ------------

Command Line: git4idea.http.GitAskPassApp Username for 'https://gitee.com': 

Host: AMD Ryzen 5 4600H with Radeon Graphics         , 12 cores, 15G,  Windows 11 , 64 bit Build 22621 (10.0.22621.1928)
Time: Sun Jul 16 12:42:20 2023  Windows 11 , 64 bit Build 22621 (10.0.22621.1928) elapsed time: 0.205813 seconds (0d 0h 0m 0s)

---------------  T H R E A D  ---------------

Current thread (0x0000023fead0fad0):  JavaThread "main" [_thread_in_vm, id=13192, stack(0x00000052b9400000,0x00000052b9500000)]

Stack: [0x00000052b9400000,0x00000052b9500000]
Native frames: (J=compiled Java code, j=interpreted, Vv=VM code, C=native code)
V  [jvm.dll+0x683c5a]
V  [jvm.dll+0x842764]
V  [jvm.dll+0x843f5e]
V  [jvm.dll+0x8445c3]
V  [jvm.dll+0x249b75]
V  [jvm.dll+0x83e7bb]
V  [jvm.dll+0x628006]
V  [jvm.dll+0x62806a]
V  [jvm.dll+0x62a87a]
V  [jvm.dll+0x6289a6]
V  [jvm.dll+0x23db6f]
V  [jvm.dll+0x632795]
V  [jvm.dll+0x1eda2b]
V  [jvm.dll+0x1edf65]
V  [jvm.dll+0x1ee884]
V  [jvm.dll+0x1e3dcc]
V  [jvm.dll+0x547fed]
V  [jvm.dll+0x1f46eb]
V  [jvm.dll+0x7bc78b]
V  [jvm.dll+0x7bdbd2]
V  [jvm.dll+0x7bdf08]
V  [jvm.dll+0x24190e]
V  [jvm.dll+0x38437e]
C  0x0000023ff59bb704

Java frames: (J=compiled Java code, j=interpreted, Vv=VM code)
j  java.util.Collections.singletonList(Ljava/lang/Object;)Ljava/util/List;+0 java.base@17.0.6
j  java.time.zone.ZoneRules.getValidOffsets(Ljava/time/LocalDateTime;)Ljava/util/List;+25 java.base@17.0.6
j  java.time.ZonedDateTime.ofLocal(Ljava/time/LocalDateTime;Ljava/time/ZoneId;Ljava/time/ZoneOffset;)Ljava/time/ZonedDateTime;+42 java.base@17.0.6
j  java.time.ZonedDateTime.of(IIIIIIILjava/time/ZoneId;)Ljava/time/ZonedDateTime;+20 java.base@17.0.6
j  sun.security.util.DisabledAlgorithmConstraints$DenyAfterConstraint.<init>(Ljava/lang/String;III)V+73 java.base@17.0.6
j  sun.security.util.DisabledAlgorithmConstraints$Constraints.<init>(Ljava/lang/String;Ljava/util/Set;)V+624 java.base@17.0.6
j  sun.security.util.DisabledAlgorithmConstraints.<init>(Ljava/lang/String;Lsun/security/util/AlgorithmDecomposer;)V+119 java.base@17.0.6
j  sun.security.ssl.SSLAlgorithmConstraints.<clinit>()V+33 java.base@17.0.6
v  ~StubRoutines::call_stub
j  sun.security.ssl.ProtocolVersion.<init>(Ljava/lang/String;IILjava/lang/String;Z)V+47 java.base@17.0.6
j  sun.security.ssl.ProtocolVersion.<clinit>()V+13 java.base@17.0.6
v  ~StubRoutines::call_stub
j  sun.security.ssl.SSLContextImpl$AbstractTLSContext.<clinit>()V+7 java.base@17.0.6
v  ~StubRoutines::call_stub
j  java.lang.Class.forName0(Ljava/lang/String;ZLjava/lang/ClassLoader;Ljava/lang/Class;)Ljava/lang/Class;+0 java.base@17.0.6
j  java.lang.Class.forName(Ljava/lang/String;)Ljava/lang/Class;+11 java.base@17.0.6
j  java.security.Provider$Service.getImplClass()Ljava/lang/Class;+64 java.base@17.0.6
j  java.security.Provider$Service.getDefaultConstructor()Ljava/lang/reflect/Constructor;+46 java.base@17.0.6
j  java.security.Provider$Service.newInstanceOf()Ljava/lang/Object;+1 java.base@17.0.6
j  java.security.Provider$Service.newInstanceUtil(Ljava/lang/Class;Ljava/lang/Object;)Ljava/lang/Object;+5 java.base@17.0.6
j  java.security.Provider$Service.newInstance(Ljava/lang/Object;)Ljava/lang/Object;+227 java.base@17.0.6
j  sun.security.jca.GetInstance.getInstance(Ljava/security/Provider$Service;Ljava/lang/Class;)Lsun/security/jca/GetInstance$Instance;+2 java.base@17.0.6
j  sun.security.jca.GetInstance.getInstance(Ljava/lang/String;Ljava/lang/Class;Ljava/lang/String;)Lsun/security/jca/GetInstance$Instance;+56 java.base@17.0.6
j  javax.net.ssl.SSLContext.getInstance(Ljava/lang/String;)Ljavax/net/ssl/SSLContext;+12 java.base@17.0.6
j  externalApp.ExternalAppUtil.sendIdeRequest(Ljava/lang/String;ILjava/lang/String;Ljava/lang/String;)LexternalApp/ExternalAppUtil$Result;+34
j  git4idea.http.GitAskPassApp.main([Ljava/lang/String;)V+37
v  ~StubRoutines::call_stub

---------------  P R O C E S S  ---------------

Threads class SMR info:
_java_thread_list=0x0000023f8aa3b4c0, length=12, elements={
0x0000023fead0fad0, 0x0000023f8a84fd90, 0x0000023f8a850940, 0x0000023f8a8846f0,
0x0000023f8a884fb0, 0x0000023f8a8a2020, 0x0000023f8a8a29d0, 0x0000023f8a8a5ce0,
0x0000023f8a8a6ef0, 0x0000023f8a8a8100, 0x0000023f8aa3a130, 0x0000023f8aa4be40
}

Java Threads: ( => current thread )
=>0x0000023fead0fad0 JavaThread "main" [_thread_in_vm, id=13192, stack(0x00000052b9400000,0x00000052b9500000)]
  0x0000023f8a84fd90 JavaThread "Reference Handler" daemon [_thread_blocked, id=30524, stack(0x00000052b9b00000,0x00000052b9c00000)]
  0x0000023f8a850940 JavaThread "Finalizer" daemon [_thread_blocked, id=3612, stack(0x00000052b9c00000,0x00000052b9d00000)]
  0x0000023f8a8846f0 JavaThread "Signal Dispatcher" daemon [_thread_blocked, id=7076, stack(0x00000052b9d00000,0x00000052b9e00000)]
  0x0000023f8a884fb0 JavaThread "Attach Listener" daemon [_thread_blocked, id=12604, stack(0x00000052b9e00000,0x00000052b9f00000)]
  0x0000023f8a8a2020 JavaThread "Service Thread" daemon [_thread_blocked, id=23996, stack(0x00000052b9f00000,0x00000052ba000000)]
  0x0000023f8a8a29d0 JavaThread "Monitor Deflation Thread" daemon [_thread_blocked, id=15080, stack(0x00000052ba000000,0x00000052ba100000)]
  0x0000023f8a8a5ce0 JavaThread "C2 CompilerThread0" daemon [_thread_blocked, id=356, stack(0x00000052ba100000,0x00000052ba200000)]
  0x0000023f8a8a6ef0 JavaThread "C1 CompilerThread0" daemon [_thread_blocked, id=24832, stack(0x00000052ba200000,0x00000052ba300000)]
  0x0000023f8a8a8100 JavaThread "Sweeper thread" daemon [_thread_blocked, id=30440, stack(0x00000052ba300000,0x00000052ba400000)]
  0x0000023f8aa3a130 JavaThread "Notification Thread" daemon [_thread_blocked, id=27544, stack(0x00000052ba400000,0x00000052ba500000)]
  0x0000023f8aa4be40 JavaThread "Common-Cleaner" daemon [_thread_blocked, id=10340, stack(0x00000052ba600000,0x00000052ba700000)]

Other Threads:
  0x0000023f8a84c1d0 VMThread "VM Thread" [stack: 0x00000052b9a00000,0x00000052b9b00000] [id=1332]
  0x0000023feada4260 WatcherThread [stack: 0x00000052ba500000,0x00000052ba600000] [id=8056]
  0x0000023fead7a860 GCTaskThread "GC Thread#0" [stack: 0x00000052b9500000,0x00000052b9600000] [id=5512]
  0x0000023fead8b5a0 ConcurrentGCThread "G1 Main Marker" [stack: 0x00000052b9600000,0x00000052b9700000] [id=13180]
  0x0000023fead8d120 ConcurrentGCThread "G1 Conc#0" [stack: 0x00000052b9700000,0x00000052b9800000] [id=3432]
  0x0000023feadce790 ConcurrentGCThread "G1 Refine#0" [stack: 0x00000052b9800000,0x00000052b9900000] [id=13248]
  0x0000023fffcd53e0 ConcurrentGCThread "G1 Service" [stack: 0x00000052b9900000,0x00000052b9a00000] [id=29872]

Threads with active compile tasks:

VM state: not at safepoint (normal execution)

VM Mutex/Monitor currently owned by a thread:  ([mutex/lock_event])
[0x0000023fead0a680] Metaspace_lock - owner thread: 0x0000023fead0fad0

Heap address: 0x0000000702000000, size: 4064 MB, Compressed Oops mode: Zero based, Oop shift amount: 3

CDS archive(s) not mapped
Compressed class space mapped at: 0x0000000800000000-0x0000000840000000, reserved size: 1073741824
Narrow klass base: 0x0000000800000000, Narrow klass shift: 0, Narrow klass range: 0x40000000

GC Precious Log:
 CPUs: 12 total, 12 available
 Memory: 16253M
 Large Page Support: Disabled
 NUMA Support: Disabled
 Compressed Oops: Enabled (Zero based)
 Heap Region Size: 2M
 Heap Min Capacity: 8M
 Heap Initial Capacity: 254M
 Heap Max Capacity: 4064M
 Pre-touch: Disabled
 Parallel Workers: 10
 Concurrent Workers: 3
 Concurrent Refinement Workers: 10
 Periodic GC: Disabled

Heap:
 garbage-first heap   total 260096K, used 2048K [0x0000000702000000, 0x0000000800000000)
  region size 2048K, 2 young (4096K), 0 survivors (0K)
 Metaspace       used 7992K, committed 8128K, reserved 1056768K
  class space    used 703K, committed 768K, reserved 1048576K

Heap Regions: E=young(eden), S=young(survivor), O=old, HS=humongous(starts), HC=humongous(continues), CS=collection set, F=free, OA=open archive, CA=closed archive, TAMS=top-at-mark-start (previous, next)
|   0|0x0000000702000000, 0x0000000702000000, 0x0000000702200000|  0%| F|  |TAMS 0x0000000702000000, 0x0000000702000000| Untracked 
|   1|0x0000000702200000, 0x0000000702200000, 0x0000000702400000|  0%| F|  |TAMS 0x0000000702200000, 0x0000000702200000| Untracked 
|   2|0x0000000702400000, 0x0000000702400000, 0x0000000702600000|  0%| F|  |TAMS 0x0000000702400000, 0x0000000702400000| Untracked 
|   3|0x0000000702600000, 0x0000000702600000, 0x0000000702800000|  0%| F|  |TAMS 0x0000000702600000, 0x0000000702600000| Untracked 
|   4|0x0000000702800000, 0x0000000702800000, 0x0000000702a00000|  0%| F|  |TAMS 0x0000000702800000, 0x0000000702800000| Untracked 
|   5|0x0000000702a00000, 0x0000000702a00000, 0x0000000702c00000|  0%| F|  |TAMS 0x0000000702a00000, 0x0000000702a00000| Untracked 
|   6|0x0000000702c00000, 0x0000000702c00000, 0x0000000702e00000|  0%| F|  |TAMS 0x0000000702c00000, 0x0000000702c00000| Untracked 
|   7|0x0000000702e00000, 0x0000000702e00000, 0x0000000703000000|  0%| F|  |TAMS 0x0000000702e00000, 0x0000000702e00000| Untracked 
|   8|0x0000000703000000, 0x0000000703000000, 0x0000000703200000|  0%| F|  |TAMS 0x0000000703000000, 0x0000000703000000| Untracked 
|   9|0x0000000703200000, 0x0000000703200000, 0x0000000703400000|  0%| F|  |TAMS 0x0000000703200000, 0x0000000703200000| Untracked 
|  10|0x0000000703400000, 0x0000000703400000, 0x0000000703600000|  0%| F|  |TAMS 0x0000000703400000, 0x0000000703400000| Untracked 
|  11|0x0000000703600000, 0x0000000703600000, 0x0000000703800000|  0%| F|  |TAMS 0x0000000703600000, 0x0000000703600000| Untracked 
|  12|0x0000000703800000, 0x0000000703800000, 0x0000000703a00000|  0%| F|  |TAMS 0x0000000703800000, 0x0000000703800000| Untracked 
|  13|0x0000000703a00000, 0x0000000703a00000, 0x0000000703c00000|  0%| F|  |TAMS 0x0000000703a00000, 0x0000000703a00000| Untracked 
|  14|0x0000000703c00000, 0x0000000703c00000, 0x0000000703e00000|  0%| F|  |TAMS 0x0000000703c00000, 0x0000000703c00000| Untracked 
|  15|0x0000000703e00000, 0x0000000703e00000, 0x0000000704000000|  0%| F|  |TAMS 0x0000000703e00000, 0x0000000703e00000| Untracked 
|  16|0x0000000704000000, 0x0000000704000000, 0x0000000704200000|  0%| F|  |TAMS 0x0000000704000000, 0x0000000704000000| Untracked 
|  17|0x0000000704200000, 0x0000000704200000, 0x0000000704400000|  0%| F|  |TAMS 0x0000000704200000, 0x0000000704200000| Untracked 
|  18|0x0000000704400000, 0x0000000704400000, 0x0000000704600000|  0%| F|  |TAMS 0x0000000704400000, 0x0000000704400000| Untracked 
|  19|0x0000000704600000, 0x0000000704600000, 0x0000000704800000|  0%| F|  |TAMS 0x0000000704600000, 0x0000000704600000| Untracked 
|  20|0x0000000704800000, 0x0000000704800000, 0x0000000704a00000|  0%| F|  |TAMS 0x0000000704800000, 0x0000000704800000| Untracked 
|  21|0x0000000704a00000, 0x0000000704a00000, 0x0000000704c00000|  0%| F|  |TAMS 0x0000000704a00000, 0x0000000704a00000| Untracked 
|  22|0x0000000704c00000, 0x0000000704c00000, 0x0000000704e00000|  0%| F|  |TAMS 0x0000000704c00000, 0x0000000704c00000| Untracked 
|  23|0x0000000704e00000, 0x0000000704e00000, 0x0000000705000000|  0%| F|  |TAMS 0x0000000704e00000, 0x0000000704e00000| Untracked 
|  24|0x0000000705000000, 0x0000000705000000, 0x0000000705200000|  0%| F|  |TAMS 0x0000000705000000, 0x0000000705000000| Untracked 
|  25|0x0000000705200000, 0x0000000705200000, 0x0000000705400000|  0%| F|  |TAMS 0x0000000705200000, 0x0000000705200000| Untracked 
|  26|0x0000000705400000, 0x0000000705400000, 0x0000000705600000|  0%| F|  |TAMS 0x0000000705400000, 0x0000000705400000| Untracked 
|  27|0x0000000705600000, 0x0000000705600000, 0x0000000705800000|  0%| F|  |TAMS 0x0000000705600000, 0x0000000705600000| Untracked 
|  28|0x0000000705800000, 0x0000000705800000, 0x0000000705a00000|  0%| F|  |TAMS 0x0000000705800000, 0x0000000705800000| Untracked 
|  29|0x0000000705a00000, 0x0000000705a00000, 0x0000000705c00000|  0%| F|  |TAMS 0x0000000705a00000, 0x0000000705a00000| Untracked 
|  30|0x0000000705c00000, 0x0000000705c00000, 0x0000000705e00000|  0%| F|  |TAMS 0x0000000705c00000, 0x0000000705c00000| Untracked 
|  31|0x0000000705e00000, 0x0000000705e00000, 0x0000000706000000|  0%| F|  |TAMS 0x0000000705e00000, 0x0000000705e00000| Untracked 
|  32|0x0000000706000000, 0x0000000706000000, 0x0000000706200000|  0%| F|  |TAMS 0x0000000706000000, 0x0000000706000000| Untracked 
|  33|0x0000000706200000, 0x0000000706200000, 0x0000000706400000|  0%| F|  |TAMS 0x0000000706200000, 0x0000000706200000| Untracked 
|  34|0x0000000706400000, 0x0000000706400000, 0x0000000706600000|  0%| F|  |TAMS 0x0000000706400000, 0x0000000706400000| Untracked 
|  35|0x0000000706600000, 0x0000000706600000, 0x0000000706800000|  0%| F|  |TAMS 0x0000000706600000, 0x0000000706600000| Untracked 
|  36|0x0000000706800000, 0x0000000706800000, 0x0000000706a00000|  0%| F|  |TAMS 0x0000000706800000, 0x0000000706800000| Untracked 
|  37|0x0000000706a00000, 0x0000000706a00000, 0x0000000706c00000|  0%| F|  |TAMS 0x0000000706a00000, 0x0000000706a00000| Untracked 
|  38|0x0000000706c00000, 0x0000000706c00000, 0x0000000706e00000|  0%| F|  |TAMS 0x0000000706c00000, 0x0000000706c00000| Untracked 
|  39|0x0000000706e00000, 0x0000000706e00000, 0x0000000707000000|  0%| F|  |TAMS 0x0000000706e00000, 0x0000000706e00000| Untracked 
|  40|0x0000000707000000, 0x0000000707000000, 0x0000000707200000|  0%| F|  |TAMS 0x0000000707000000, 0x0000000707000000| Untracked 
|  41|0x0000000707200000, 0x0000000707200000, 0x0000000707400000|  0%| F|  |TAMS 0x0000000707200000, 0x0000000707200000| Untracked 
|  42|0x0000000707400000, 0x0000000707400000, 0x0000000707600000|  0%| F|  |TAMS 0x0000000707400000, 0x0000000707400000| Untracked 
|  43|0x0000000707600000, 0x0000000707600000, 0x0000000707800000|  0%| F|  |TAMS 0x0000000707600000, 0x0000000707600000| Untracked 
|  44|0x0000000707800000, 0x0000000707800000, 0x0000000707a00000|  0%| F|  |TAMS 0x0000000707800000, 0x0000000707800000| Untracked 
|  45|0x0000000707a00000, 0x0000000707a00000, 0x0000000707c00000|  0%| F|  |TAMS 0x0000000707a00000, 0x0000000707a00000| Untracked 
|  46|0x0000000707c00000, 0x0000000707c00000, 0x0000000707e00000|  0%| F|  |TAMS 0x0000000707c00000, 0x0000000707c00000| Untracked 
|  47|0x0000000707e00000, 0x0000000707e00000, 0x0000000708000000|  0%| F|  |TAMS 0x0000000707e00000, 0x0000000707e00000| Untracked 
|  48|0x0000000708000000, 0x0000000708000000, 0x0000000708200000|  0%| F|  |TAMS 0x0000000708000000, 0x0000000708000000| Untracked 
|  49|0x0000000708200000, 0x0000000708200000, 0x0000000708400000|  0%| F|  |TAMS 0x0000000708200000, 0x0000000708200000| Untracked 
|  50|0x0000000708400000, 0x0000000708400000, 0x0000000708600000|  0%| F|  |TAMS 0x0000000708400000, 0x0000000708400000| Untracked 
|  51|0x0000000708600000, 0x0000000708600000, 0x0000000708800000|  0%| F|  |TAMS 0x0000000708600000, 0x0000000708600000| Untracked 
|  52|0x0000000708800000, 0x0000000708800000, 0x0000000708a00000|  0%| F|  |TAMS 0x0000000708800000, 0x0000000708800000| Untracked 
|  53|0x0000000708a00000, 0x0000000708a00000, 0x0000000708c00000|  0%| F|  |TAMS 0x0000000708a00000, 0x0000000708a00000| Untracked 
|  54|0x0000000708c00000, 0x0000000708c00000, 0x0000000708e00000|  0%| F|  |TAMS 0x0000000708c00000, 0x0000000708c00000| Untracked 
|  55|0x0000000708e00000, 0x0000000708e00000, 0x0000000709000000|  0%| F|  |TAMS 0x0000000708e00000, 0x0000000708e00000| Untracked 
|  56|0x0000000709000000, 0x0000000709000000, 0x0000000709200000|  0%| F|  |TAMS 0x0000000709000000, 0x0000000709000000| Untracked 
|  57|0x0000000709200000, 0x0000000709200000, 0x0000000709400000|  0%| F|  |TAMS 0x0000000709200000, 0x0000000709200000| Untracked 
|  58|0x0000000709400000, 0x0000000709400000, 0x0000000709600000|  0%| F|  |TAMS 0x0000000709400000, 0x0000000709400000| Untracked 
|  59|0x0000000709600000, 0x0000000709600000, 0x0000000709800000|  0%| F|  |TAMS 0x0000000709600000, 0x0000000709600000| Untracked 
|  60|0x0000000709800000, 0x0000000709800000, 0x0000000709a00000|  0%| F|  |TAMS 0x0000000709800000, 0x0000000709800000| Untracked 
|  61|0x0000000709a00000, 0x0000000709a00000, 0x0000000709c00000|  0%| F|  |TAMS 0x0000000709a00000, 0x0000000709a00000| Untracked 
|  62|0x0000000709c00000, 0x0000000709c00000, 0x0000000709e00000|  0%| F|  |TAMS 0x0000000709c00000, 0x0000000709c00000| Untracked 
|  63|0x0000000709e00000, 0x0000000709e00000, 0x000000070a000000|  0%| F|  |TAMS 0x0000000709e00000, 0x0000000709e00000| Untracked 
|  64|0x000000070a000000, 0x000000070a000000, 0x000000070a200000|  0%| F|  |TAMS 0x000000070a000000, 0x000000070a000000| Untracked 
|  65|0x000000070a200000, 0x000000070a200000, 0x000000070a400000|  0%| F|  |TAMS 0x000000070a200000, 0x000000070a200000| Untracked 
|  66|0x000000070a400000, 0x000000070a400000, 0x000000070a600000|  0%| F|  |TAMS 0x000000070a400000, 0x000000070a400000| Untracked 
|  67|0x000000070a600000, 0x000000070a600000, 0x000000070a800000|  0%| F|  |TAMS 0x000000070a600000, 0x000000070a600000| Untracked 
|  68|0x000000070a800000, 0x000000070a800000, 0x000000070aa00000|  0%| F|  |TAMS 0x000000070a800000, 0x000000070a800000| Untracked 
|  69|0x000000070aa00000, 0x000000070aa00000, 0x000000070ac00000|  0%| F|  |TAMS 0x000000070aa00000, 0x000000070aa00000| Untracked 
|  70|0x000000070ac00000, 0x000000070ac00000, 0x000000070ae00000|  0%| F|  |TAMS 0x000000070ac00000, 0x000000070ac00000| Untracked 
|  71|0x000000070ae00000, 0x000000070ae00000, 0x000000070b000000|  0%| F|  |TAMS 0x000000070ae00000, 0x000000070ae00000| Untracked 
|  72|0x000000070b000000, 0x000000070b000000, 0x000000070b200000|  0%| F|  |TAMS 0x000000070b000000, 0x000000070b000000| Untracked 
|  73|0x000000070b200000, 0x000000070b200000, 0x000000070b400000|  0%| F|  |TAMS 0x000000070b200000, 0x000000070b200000| Untracked 
|  74|0x000000070b400000, 0x000000070b400000, 0x000000070b600000|  0%| F|  |TAMS 0x000000070b400000, 0x000000070b400000| Untracked 
|  75|0x000000070b600000, 0x000000070b600000, 0x000000070b800000|  0%| F|  |TAMS 0x000000070b600000, 0x000000070b600000| Untracked 
|  76|0x000000070b800000, 0x000000070b800000, 0x000000070ba00000|  0%| F|  |TAMS 0x000000070b800000, 0x000000070b800000| Untracked 
|  77|0x000000070ba00000, 0x000000070ba00000, 0x000000070bc00000|  0%| F|  |TAMS 0x000000070ba00000, 0x000000070ba00000| Untracked 
|  78|0x000000070bc00000, 0x000000070bc00000, 0x000000070be00000|  0%| F|  |TAMS 0x000000070bc00000, 0x000000070bc00000| Untracked 
|  79|0x000000070be00000, 0x000000070be00000, 0x000000070c000000|  0%| F|  |TAMS 0x000000070be00000, 0x000000070be00000| Untracked 
|  80|0x000000070c000000, 0x000000070c000000, 0x000000070c200000|  0%| F|  |TAMS 0x000000070c000000, 0x000000070c000000| Untracked 
|  81|0x000000070c200000, 0x000000070c200000, 0x000000070c400000|  0%| F|  |TAMS 0x000000070c200000, 0x000000070c200000| Untracked 
|  82|0x000000070c400000, 0x000000070c400000, 0x000000070c600000|  0%| F|  |TAMS 0x000000070c400000, 0x000000070c400000| Untracked 
|  83|0x000000070c600000, 0x000000070c600000, 0x000000070c800000|  0%| F|  |TAMS 0x000000070c600000, 0x000000070c600000| Untracked 
|  84|0x000000070c800000, 0x000000070c800000, 0x000000070ca00000|  0%| F|  |TAMS 0x000000070c800000, 0x000000070c800000| Untracked 
|  85|0x000000070ca00000, 0x000000070ca00000, 0x000000070cc00000|  0%| F|  |TAMS 0x000000070ca00000, 0x000000070ca00000| Untracked 
|  86|0x000000070cc00000, 0x000000070cc00000, 0x000000070ce00000|  0%| F|  |TAMS 0x000000070cc00000, 0x000000070cc00000| Untracked 
|  87|0x000000070ce00000, 0x000000070ce00000, 0x000000070d000000|  0%| F|  |TAMS 0x000000070ce00000, 0x000000070ce00000| Untracked 
|  88|0x000000070d000000, 0x000000070d000000, 0x000000070d200000|  0%| F|  |TAMS 0x000000070d000000, 0x000000070d000000| Untracked 
|  89|0x000000070d200000, 0x000000070d200000, 0x000000070d400000|  0%| F|  |TAMS 0x000000070d200000, 0x000000070d200000| Untracked 
|  90|0x000000070d400000, 0x000000070d400000, 0x000000070d600000|  0%| F|  |TAMS 0x000000070d400000, 0x000000070d400000| Untracked 
|  91|0x000000070d600000, 0x000000070d600000, 0x000000070d800000|  0%| F|  |TAMS 0x000000070d600000, 0x000000070d600000| Untracked 
|  92|0x000000070d800000, 0x000000070d800000, 0x000000070da00000|  0%| F|  |TAMS 0x000000070d800000, 0x000000070d800000| Untracked 
|  93|0x000000070da00000, 0x000000070da00000, 0x000000070dc00000|  0%| F|  |TAMS 0x000000070da00000, 0x000000070da00000| Untracked 
|  94|0x000000070dc00000, 0x000000070dc00000, 0x000000070de00000|  0%| F|  |TAMS 0x000000070dc00000, 0x000000070dc00000| Untracked 
|  95|0x000000070de00000, 0x000000070de00000, 0x000000070e000000|  0%| F|  |TAMS 0x000000070de00000, 0x000000070de00000| Untracked 
|  96|0x000000070e000000, 0x000000070e000000, 0x000000070e200000|  0%| F|  |TAMS 0x000000070e000000, 0x000000070e000000| Untracked 
|  97|0x000000070e200000, 0x000000070e200000, 0x000000070e400000|  0%| F|  |TAMS 0x000000070e200000, 0x000000070e200000| Untracked 
|  98|0x000000070e400000, 0x000000070e400000, 0x000000070e600000|  0%| F|  |TAMS 0x000000070e400000, 0x000000070e400000| Untracked 
|  99|0x000000070e600000, 0x000000070e600000, 0x000000070e800000|  0%| F|  |TAMS 0x000000070e600000, 0x000000070e600000| Untracked 
| 100|0x000000070e800000, 0x000000070e800000, 0x000000070ea00000|  0%| F|  |TAMS 0x000000070e800000, 0x000000070e800000| Untracked 
| 101|0x000000070ea00000, 0x000000070ea00000, 0x000000070ec00000|  0%| F|  |TAMS 0x000000070ea00000, 0x000000070ea00000| Untracked 
| 102|0x000000070ec00000, 0x000000070ec00000, 0x000000070ee00000|  0%| F|  |TAMS 0x000000070ec00000, 0x000000070ec00000| Untracked 
| 103|0x000000070ee00000, 0x000000070ee00000, 0x000000070f000000|  0%| F|  |TAMS 0x000000070ee00000, 0x000000070ee00000| Untracked 
| 104|0x000000070f000000, 0x000000070f000000, 0x000000070f200000|  0%| F|  |TAMS 0x000000070f000000, 0x000000070f000000| Untracked 
| 105|0x000000070f200000, 0x000000070f200000, 0x000000070f400000|  0%| F|  |TAMS 0x000000070f200000, 0x000000070f200000| Untracked 
| 106|0x000000070f400000, 0x000000070f400000, 0x000000070f600000|  0%| F|  |TAMS 0x000000070f400000, 0x000000070f400000| Untracked 
| 107|0x000000070f600000, 0x000000070f600000, 0x000000070f800000|  0%| F|  |TAMS 0x000000070f600000, 0x000000070f600000| Untracked 
| 108|0x000000070f800000, 0x000000070f800000, 0x000000070fa00000|  0%| F|  |TAMS 0x000000070f800000, 0x000000070f800000| Untracked 
| 109|0x000000070fa00000, 0x000000070fa00000, 0x000000070fc00000|  0%| F|  |TAMS 0x000000070fa00000, 0x000000070fa00000| Untracked 
| 110|0x000000070fc00000, 0x000000070fc00000, 0x000000070fe00000|  0%| F|  |TAMS 0x000000070fc00000, 0x000000070fc00000| Untracked 
| 111|0x000000070fe00000, 0x000000070fe00000, 0x0000000710000000|  0%| F|  |TAMS 0x000000070fe00000, 0x000000070fe00000| Untracked 
| 112|0x0000000710000000, 0x0000000710000000, 0x0000000710200000|  0%| F|  |TAMS 0x0000000710000000, 0x0000000710000000| Untracked 
| 113|0x0000000710200000, 0x0000000710200000, 0x0000000710400000|  0%| F|  |TAMS 0x0000000710200000, 0x0000000710200000| Untracked 
| 114|0x0000000710400000, 0x0000000710400000, 0x0000000710600000|  0%| F|  |TAMS 0x0000000710400000, 0x0000000710400000| Untracked 
| 115|0x0000000710600000, 0x0000000710600000, 0x0000000710800000|  0%| F|  |TAMS 0x0000000710600000, 0x0000000710600000| Untracked 
| 116|0x0000000710800000, 0x0000000710800000, 0x0000000710a00000|  0%| F|  |TAMS 0x0000000710800000, 0x0000000710800000| Untracked 
| 117|0x0000000710a00000, 0x0000000710a00000, 0x0000000710c00000|  0%| F|  |TAMS 0x0000000710a00000, 0x0000000710a00000| Untracked 
| 118|0x0000000710c00000, 0x0000000710c00000, 0x0000000710e00000|  0%| F|  |TAMS 0x0000000710c00000, 0x0000000710c00000| Untracked 
| 119|0x0000000710e00000, 0x0000000710e00000, 0x0000000711000000|  0%| F|  |TAMS 0x0000000710e00000, 0x0000000710e00000| Untracked 
| 120|0x0000000711000000, 0x0000000711000000, 0x0000000711200000|  0%| F|  |TAMS 0x0000000711000000, 0x0000000711000000| Untracked 
| 121|0x0000000711200000, 0x0000000711200000, 0x0000000711400000|  0%| F|  |TAMS 0x0000000711200000, 0x0000000711200000| Untracked 
| 122|0x0000000711400000, 0x0000000711400000, 0x0000000711600000|  0%| F|  |TAMS 0x0000000711400000, 0x0000000711400000| Untracked 
| 123|0x0000000711600000, 0x0000000711600000, 0x0000000711800000|  0%| F|  |TAMS 0x0000000711600000, 0x0000000711600000| Untracked 
| 124|0x0000000711800000, 0x0000000711800000, 0x0000000711a00000|  0%| F|  |TAMS 0x0000000711800000, 0x0000000711800000| Untracked 
| 125|0x0000000711a00000, 0x0000000711b6c358, 0x0000000711c00000| 71%| E|  |TAMS 0x0000000711a00000, 0x0000000711a00000| Complete 
| 126|0x0000000711c00000, 0x0000000711e00000, 0x0000000711e00000|100%| E|CS|TAMS 0x0000000711c00000, 0x0000000711c00000| Complete 

Card table byte_map: [0x0000023ffe1b0000,0x0000023ffe9a0000] _byte_map_base: 0x0000023ffa9a0000

Marking Bits (Prev, Next): (CMBitMap*) 0x0000023fead7ae70, (CMBitMap*) 0x0000023fead7aeb0
 Prev Bits: [0x0000023f80000000, 0x0000023f83f80000)
 Next Bits: [0x0000023f83f80000, 0x0000023f87f00000)

Polling page: 0x0000023fe8cf0000

Metaspace:

Usage:
  Non-class:      7.12 MB used.
      Class:    703.75 KB used.
       Both:      7.80 MB used.

Virtual space:
  Non-class space:        8.00 MB reserved,       7.19 MB ( 90%) committed,  1 nodes.
      Class space:        1.00 GB reserved,     768.00 KB ( <1%) committed,  1 nodes.
             Both:        1.01 GB reserved,       7.94 MB ( <1%) committed. 

Chunk freelists:
   Non-Class:  446.00 KB
       Class:  3.23 MB
        Both:  3.66 MB

MaxMetaspaceSize: unlimited
CompressedClassSpaceSize: 1.00 GB
Initial GC threshold: 21.00 MB
Current GC threshold: 21.00 MB
CDS: off
MetaspaceReclaimPolicy: balanced
 - commit_granule_bytes: 65536.
 - commit_granule_words: 8192.
 - virtual_space_node_default_size: 1048576.
 - enlarge_chunks_in_place: 1.
 - new_chunks_are_fully_committed: 0.
 - uncommit_free_chunks: 1.
 - use_allocation_guard: 0.
 - handle_deallocations: 1.


Internal statistics:

num_allocs_failed_limit: 0.
num_arena_births: 8.
num_arena_deaths: 0.
num_vsnodes_births: 2.
num_vsnodes_deaths: 0.
num_space_committed: 127.
num_space_uncommitted: 0.
num_chunks_returned_to_freelist: 0.
num_chunks_taken_from_freelist: 35.
num_chunk_merges: 0.
num_chunk_splits: 16.
num_chunks_enlarged: 9.
num_purges: 0.
num_inconsistent_stats: 0.

CodeHeap 'non-profiled nmethods': size=120000Kb used=65Kb max_used=65Kb free=119934Kb
 bounds [0x0000023ff5f40000, 0x0000023ff61b0000, 0x0000023ffd470000]
CodeHeap 'profiled nmethods': size=120000Kb used=308Kb max_used=308Kb free=119692Kb
 bounds [0x0000023fee470000, 0x0000023fee6e0000, 0x0000023ff59a0000]
CodeHeap 'non-nmethods': size=5760Kb used=1128Kb max_used=1134Kb free=4631Kb
 bounds [0x0000023ff59a0000, 0x0000023ff5c10000, 0x0000023ff5f40000]
 total_blobs=646 nmethods=236 adapters=323
 compilation: enabled
              stopped_count=0, restarted_count=0
 full_count=0

Compilation events (20 events):
Event: 0.182 Thread 0x0000023f8a8a6ef0  221       3       java.lang.invoke.MemberName::testFlags (16 bytes)
Event: 0.182 Thread 0x0000023f8a8a6ef0 nmethod 221 0x0000023fee4ba490 code [0x0000023fee4ba620, 0x0000023fee4ba798]
Event: 0.187 Thread 0x0000023f8a8a6ef0  223   !   3       java.lang.ref.ReferenceQueue::poll (28 bytes)
Event: 0.187 Thread 0x0000023f8a8a6ef0 nmethod 223 0x0000023fee4ba810 code [0x0000023fee4ba9c0, 0x0000023fee4bac48]
Event: 0.191 Thread 0x0000023f8a8a6ef0  225       3       java.util.AbstractList::<init> (10 bytes)
Event: 0.191 Thread 0x0000023f8a8a6ef0 nmethod 225 0x0000023fee4bad90 code [0x0000023fee4baf40, 0x0000023fee4bb118]
Event: 0.192 Thread 0x0000023f8a8a6ef0  226       3       java.lang.String::toString (2 bytes)
Event: 0.192 Thread 0x0000023f8a8a6ef0 nmethod 226 0x0000023fee4bb210 code [0x0000023fee4bb3a0, 0x0000023fee4bb4b8]
Event: 0.192 Thread 0x0000023f8a8a6ef0  227       3       java.lang.invoke.MethodType::hashCode (53 bytes)
Event: 0.193 Thread 0x0000023f8a8a6ef0 nmethod 227 0x0000023fee4bb590 code [0x0000023fee4bb740, 0x0000023fee4bbad8]
Event: 0.193 Thread 0x0000023f8a8a6ef0  228       1       java.lang.invoke.MemberName::getDeclaringClass (5 bytes)
Event: 0.193 Thread 0x0000023f8a8a6ef0 nmethod 228 0x0000023ff5f4f290 code [0x0000023ff5f4f420, 0x0000023ff5f4f4f8]
Event: 0.193 Thread 0x0000023f8a8a6ef0  229       3       java.lang.invoke.MemberName::isInvocable (8 bytes)
Event: 0.193 Thread 0x0000023f8a8a6ef0 nmethod 229 0x0000023fee4bbc90 code [0x0000023fee4bbe40, 0x0000023fee4bc0d8]
Event: 0.193 Thread 0x0000023f8a8a6ef0  230       3       java.lang.invoke.MemberName::testAnyFlags (15 bytes)
Event: 0.193 Thread 0x0000023f8a8a6ef0 nmethod 230 0x0000023fee4bc210 code [0x0000023fee4bc3c0, 0x0000023fee4bc5f8]
Event: 0.193 Thread 0x0000023f8a8a6ef0  231       3       java.lang.invoke.MethodType$ConcurrentWeakInternSet::expungeStaleElements (27 bytes)
Event: 0.194 Thread 0x0000023f8a8a6ef0 nmethod 231 0x0000023fee4bc690 code [0x0000023fee4bc880, 0x0000023fee4bcdb8]
Event: 0.194 Thread 0x0000023f8a8a6ef0  234       1       java.lang.invoke.MethodType::ptypes (5 bytes)
Event: 0.194 Thread 0x0000023f8a8a6ef0 nmethod 234 0x0000023ff5f4ff90 code [0x0000023ff5f50120, 0x0000023ff5f501f8]

GC Heap History (0 events):
No events

Dll operation events (1 events):
Event: 0.006 Loaded shared library D:\DeskTop\download\IntelliJ IDEA 2023.1.2\jbr\bin\java.dll

Deoptimization events (0 events):
No events

Classes unloaded (0 events):
No events

Classes redefined (0 events):
No events

Internal exceptions (0 events):
No events

VM Operations (4 events):
Event: 0.100 Executing VM operation: HandshakeAllThreads
Event: 0.100 Executing VM operation: HandshakeAllThreads done
Event: 0.113 Executing VM operation: HandshakeAllThreads
Event: 0.113 Executing VM operation: HandshakeAllThreads done

Events (20 events):
Event: 0.198 loading class java/time/LocalDate done
Event: 0.198 loading class java/time/temporal/ChronoField
Event: 0.198 loading class java/time/temporal/TemporalField
Event: 0.198 loading class java/time/temporal/TemporalField done
Event: 0.198 loading class java/time/temporal/ChronoField done
Event: 0.199 loading class java/time/temporal/ChronoUnit
Event: 0.199 loading class java/time/temporal/TemporalUnit
Event: 0.199 loading class java/time/temporal/TemporalUnit done
Event: 0.199 loading class java/time/temporal/ChronoUnit done
Event: 0.199 loading class java/time/Duration
Event: 0.199 loading class java/time/temporal/TemporalAmount
Event: 0.199 loading class java/time/temporal/TemporalAmount done
Event: 0.199 loading class java/time/Duration done
Event: 0.200 loading class java/time/temporal/ValueRange
Event: 0.200 loading class java/time/temporal/ValueRange done
Event: 0.200 loading class java/time/LocalTime
Event: 0.200 loading class java/time/LocalTime done
Event: 0.200 loading class java/time/zone/ZoneOffsetTransition
Event: 0.201 loading class java/time/zone/ZoneOffsetTransition done
Event: 0.201 loading class java/util/Collections$SingletonList


Dynamic libraries:
0x00007ff7a8df0000 - 0x00007ff7a8dfa000 	D:\DeskTop\download\IntelliJ IDEA 2023.1.2\jbr\bin\java.exe
0x00007fff61510000 - 0x00007fff61724000 	C:\WINDOWS\SYSTEM32\ntdll.dll
0x00007fff61140000 - 0x00007fff61202000 	C:\WINDOWS\System32\KERNEL32.DLL
0x00007fff5ec10000 - 0x00007fff5efb3000 	C:\WINDOWS\System32\KERNELBASE.dll
0x00007fff5efc0000 - 0x00007fff5f0d1000 	C:\WINDOWS\System32\ucrtbase.dll
0x00007fff597c0000 - 0x00007fff597d7000 	D:\DeskTop\download\IntelliJ IDEA 2023.1.2\jbr\bin\jli.dll
0x00007fff58aa0000 - 0x00007fff58abb000 	D:\DeskTop\download\IntelliJ IDEA 2023.1.2\jbr\bin\VCRUNTIME140.dll
0x00007fff60680000 - 0x00007fff6082a000 	C:\WINDOWS\System32\USER32.dll
0x00007fff5f0e0000 - 0x00007fff5f106000 	C:\WINDOWS\System32\win32u.dll
0x00007fff51400000 - 0x00007fff5168e000 	C:\WINDOWS\WinSxS\amd64_microsoft.windows.common-controls_6595b64144ccf1df_6.0.22621.1635_none_270f70857386168e\COMCTL32.dll
0x00007fff604c0000 - 0x00007fff604e9000 	C:\WINDOWS\System32\GDI32.dll
0x00007fff5e990000 - 0x00007fff5eaa9000 	C:\WINDOWS\System32\gdi32full.dll
0x00007fff604f0000 - 0x00007fff60597000 	C:\WINDOWS\System32\msvcrt.dll
0x00007fff5eab0000 - 0x00007fff5eb4a000 	C:\WINDOWS\System32\msvcp_win.dll
0x00007fff61030000 - 0x00007fff61061000 	C:\WINDOWS\System32\IMM32.DLL
0x00007fff5afc0000 - 0x00007fff5afcc000 	D:\DeskTop\download\IntelliJ IDEA 2023.1.2\jbr\bin\vcruntime140_1.dll
0x00007fff43a70000 - 0x00007fff43afd000 	D:\DeskTop\download\IntelliJ IDEA 2023.1.2\jbr\bin\msvcp140.dll
0x00007fff209e0000 - 0x00007fff2164e000 	D:\DeskTop\download\IntelliJ IDEA 2023.1.2\jbr\bin\server\jvm.dll
0x00007fff605d0000 - 0x00007fff6067e000 	C:\WINDOWS\System32\ADVAPI32.dll
0x00007fff61090000 - 0x00007fff61134000 	C:\WINDOWS\System32\sechost.dll
0x00007fff613b0000 - 0x00007fff614c7000 	C:\WINDOWS\System32\RPCRT4.dll
0x00007fff38500000 - 0x00007fff38509000 	C:\WINDOWS\SYSTEM32\WSOCK32.dll
0x00007fff544d0000 - 0x00007fff544da000 	C:\WINDOWS\SYSTEM32\VERSION.dll
0x00007fff60040000 - 0x00007fff600b1000 	C:\WINDOWS\System32\WS2_32.dll
0x00007fff58810000 - 0x00007fff58844000 	C:\WINDOWS\SYSTEM32\WINMM.dll
0x00007fff5d910000 - 0x00007fff5d928000 	C:\WINDOWS\SYSTEM32\kernel.appcore.dll
0x00007fff5a2d0000 - 0x00007fff5a2da000 	D:\DeskTop\download\IntelliJ IDEA 2023.1.2\jbr\bin\jimage.dll
0x00007fff5c000000 - 0x00007fff5c22e000 	C:\WINDOWS\SYSTEM32\DBGHELP.DLL
0x00007fff5f300000 - 0x00007fff5f689000 	C:\WINDOWS\System32\combase.dll
0x00007fff612d0000 - 0x00007fff613a7000 	C:\WINDOWS\System32\OLEAUT32.dll
0x00007fff40740000 - 0x00007fff40772000 	C:\WINDOWS\SYSTEM32\dbgcore.DLL
0x00007fff5e910000 - 0x00007fff5e98a000 	C:\WINDOWS\System32\bcryptPrimitives.dll
0x00007fff58bc0000 - 0x00007fff58be5000 	D:\DeskTop\download\IntelliJ IDEA 2023.1.2\jbr\bin\java.dll
0x00007fff58940000 - 0x00007fff58958000 	D:\DeskTop\download\IntelliJ IDEA 2023.1.2\jbr\bin\zip.dll
0x00007fff60830000 - 0x00007fff61029000 	C:\WINDOWS\System32\SHELL32.dll
0x00007fff5c8b0000 - 0x00007fff5d17e000 	C:\WINDOWS\SYSTEM32\windows.storage.dll
0x00007fff5c770000 - 0x00007fff5c8ae000 	C:\WINDOWS\SYSTEM32\wintypes.dll
0x00007fff5f6f0000 - 0x00007fff5f7e1000 	C:\WINDOWS\System32\SHCORE.dll
0x00007fff5f810000 - 0x00007fff5f86e000 	C:\WINDOWS\System32\shlwapi.dll
0x00007fff5e840000 - 0x00007fff5e866000 	C:\WINDOWS\SYSTEM32\profapi.dll
0x00007fff44590000 - 0x00007fff445a9000 	D:\DeskTop\download\IntelliJ IDEA 2023.1.2\jbr\bin\net.dll
0x00007fff57240000 - 0x00007fff57377000 	C:\WINDOWS\SYSTEM32\WINHTTP.dll
0x00007fff5dd90000 - 0x00007fff5ddf9000 	C:\WINDOWS\system32\mswsock.dll
0x00007fff43e30000 - 0x00007fff43e46000 	D:\DeskTop\download\IntelliJ IDEA 2023.1.2\jbr\bin\nio.dll
0x00007fff43550000 - 0x00007fff4355e000 	D:\DeskTop\download\IntelliJ IDEA 2023.1.2\jbr\bin\sunmscapi.dll
0x00007fff5f110000 - 0x00007fff5f277000 	C:\WINDOWS\System32\CRYPT32.dll
0x00007fff5e290000 - 0x00007fff5e2be000 	C:\WINDOWS\SYSTEM32\ncrypt.dll
0x00007fff5e250000 - 0x00007fff5e287000 	C:\WINDOWS\SYSTEM32\NTASN1.dll

dbghelp: loaded successfully - version: 4.0.5 - missing functions: none
symbol engine: initialized successfully - sym options: 0x614 - pdb path: .;D:\DeskTop\download\IntelliJ IDEA 2023.1.2\jbr\bin;C:\WINDOWS\SYSTEM32;C:\WINDOWS\WinSxS\amd64_microsoft.windows.common-controls_6595b64144ccf1df_6.0.22621.1635_none_270f70857386168e;D:\DeskTop\download\IntelliJ IDEA 2023.1.2\jbr\bin\server

VM Arguments:
java_command: git4idea.http.GitAskPassApp Username for 'https://gitee.com': 
java_class_path (initial): D:/DeskTop/download/IntelliJ IDEA 2023.1.2/plugins/vcs-git/lib/git4idea-rt.jar;D:/DeskTop/download/IntelliJ IDEA 2023.1.2/lib/externalProcess-rt.jar
Launcher Type: SUN_STANDARD

[Global flags]
     intx CICompilerCount                          = 4                                         {product} {ergonomic}
     uint ConcGCThreads                            = 3                                         {product} {ergonomic}
     uint G1ConcRefinementThreads                  = 10                                        {product} {ergonomic}
   size_t G1HeapRegionSize                         = 2097152                                   {product} {ergonomic}
    uintx GCDrainStackTargetSize                   = 64                                        {product} {ergonomic}
   size_t InitialHeapSize                          = 266338304                                 {product} {ergonomic}
   size_t MarkStackSize                            = 4194304                                   {product} {ergonomic}
   size_t MaxHeapSize                              = 4261412864                                {product} {ergonomic}
   size_t MaxNewSize                               = 2556428288                                {product} {ergonomic}
   size_t MinHeapDeltaBytes                        = 2097152                                   {product} {ergonomic}
   size_t MinHeapSize                              = 8388608                                   {product} {ergonomic}
    uintx NonNMethodCodeHeapSize                   = 5839372                                {pd product} {ergonomic}
    uintx NonProfiledCodeHeapSize                  = 122909434                              {pd product} {ergonomic}
    uintx ProfiledCodeHeapSize                     = 122909434                              {pd product} {ergonomic}
    uintx ReservedCodeCacheSize                    = 251658240                              {pd product} {ergonomic}
     bool SegmentedCodeCache                       = true                                      {product} {ergonomic}
   size_t SoftMaxHeapSize                          = 4261412864                             {manageable} {ergonomic}
     bool UseCompressedClassPointers               = true                           {product lp64_product} {ergonomic}
     bool UseCompressedOops                        = true                           {product lp64_product} {ergonomic}
     bool UseG1GC                                  = true                                      {product} {ergonomic}
     bool UseLargePagesIndividualAllocation        = false                                  {pd product} {ergonomic}

Logging:
Log output configuration:
 #0: stdout all=warning uptime,level,tags
 #1: stderr all=off uptime,level,tags

Environment Variables:
JAVA_HOME=D:\DeskTop\download\jdk\jdk
PATH=D:\DeskTop\download\Git\mingw64\libexec\git-core;D:\DeskTop\download\Git\mingw64\libexec\git-core;D:\DeskTop\download\Git\mingw64\bin;D:\DeskTop\download\Git\usr\bin;C:\Users\СK\bin;C:\Program Files\Common Files\Oracle\Java\javapath;C:\Program Files (x86)\Common Files\Oracle\Java\javapath;D:\DeskTop\download\vmware\bin;C:\WINDOWS\system32;C:\WINDOWS;C:\WINDOWS\System32\Wbem;C:\WINDOWS\System32\WindowsPowerShell\v1.0;C:\WINDOWS\System32\OpenSSH;C:\Program Files\dotnet;D:\DeskTop\download\Git\cmd;D:\DeskTop\download\jdk\jdk\bin;D:\DeskTop\download\apache-maven-3.8.8\bin;D:\DeskTop\download\nvm;C:\Program Files\nodejs;C:\Program Files (x86)\NVIDIA Corporation\PhysX\Common;C:\Program Files\NVIDIA Corporation\NVIDIA NvDLISR;C:\Program Files\Docker\Docker\resources\bin;D:\DeskTop\download\python\Scripts;D:\DeskTop\download\python;C:\Users\СK\AppData\Local\Microsoft\WindowsApps;D:\DeskTop\download\Microsoft VS Code\bin;D:\DeskTop\download\IntelliJ IDEA 2022.2.5\bin;D:\DeskTop\download\nvm;C:\Program Files\nodejs;C:\Users\СK\AppData\Roaming\npm;D:\DeskTop\download\WebStorm 2023.1.2\bin;C:\Users\СK\AppData\Local\GitHubDesktop\bin;D:\DeskTop\download\PyCharm 2022.3.3\bin;D:\DeskTop\download\PhpStorm 2023.1.3\bin
USERNAME=СK
DISPLAY=:0.0
LC_ALL=en_US.UTF-8
TERM=xterm-256color
TMPDIR=C:\Users\СK\AppData\Local\Temp
OS=Windows_NT
PROCESSOR_IDENTIFIER=AMD64 Family 23 Model 96 Stepping 1, AuthenticAMD
TMP=C:\Users\СK\AppData\Local\Temp
TEMP=C:\Users\СK\AppData\Local\Temp


JNI global refs:
JNI global refs: 9, weak refs: 0

JNI global refs memory usage: 843, weak refs: 209


---------------  S Y S T E M  ---------------

OS:
 Windows 11 , 64 bit Build 22621 (10.0.22621.1928)
OS uptime: 2 days 1:38 hours
Hyper-V role detected

CPU: total 12 (initial active 12) (12 cores per cpu, 2 threads per core) family 23 model 96 stepping 1 microcode 0x0, cx8, cmov, fxsr, ht, mmx, 3dnowpref, sse, sse2, sse3, ssse3, sse4a, sse4.1, sse4.2, popcnt, lzcnt, tsc, tscinvbit, avx, avx2, aes, clmul, bmi1, bmi2, adx, sha, fma, vzeroupper, clflush, clflushopt, hv

Memory: 4k page, system-wide physical 16253M (935M free)
TotalPageFile size 29053M (AvailPageFile size 0M)
current process WorkingSet (physical memory assigned to process): 41M, peak: 41M
current process commit charge ("private bytes"): 343M, peak: 343M

vm_info: OpenJDK 64-Bit Server VM (17.0.6+10-b829.9) for windows-amd64 JRE (17.0.6+10-b829.9), built on 2023-04-09 by "builduser" with MS VC++ 16.10 / 16.11 (VS2019)

END.
