#
# There is insufficient memory for the Java Runtime Environment to continue.
# Native memory allocation (mmap) failed to map 266338304 bytes for G1 virtual space
# Possible reasons:
#   The system is out of physical RAM or swap space
#   The process is running with CompressedOops enabled, and the Java Heap may be blocking the growth of the native heap
# Possible solutions:
#   Reduce memory load on the system
#   Increase physical memory or swap space
#   Check if swap backing store is full
#   Decrease Java heap size (-Xmx/-Xms)
#   Decrease number of Java threads
#   Decrease Java thread stack sizes (-Xss)
#   Set larger code cache with -XX:ReservedCodeCacheSize=
#   JVM is running with Zero Based Compressed Oops mode in which the Java heap is
#     placed in the first 32GB address space. The Java Heap base address is the
#     maximum limit for the native heap growth. Please use -XX:HeapBaseMinAddress
#     to set the Java Heap base and to place the Java Heap above 32GB virtual address.
# This output file may be truncated or incomplete.
#
#  Out of Memory Error (os_windows.cpp:3769), pid=30508, tid=30120
#
# JRE version:  (17.0.6+10) (build )
# Java VM: OpenJDK 64-Bit Server VM (17.0.6+10-b829.9, mixed mode, sharing, tiered, compressed oops, compressed class ptrs, g1 gc, windows-amd64)
# No core dump will be written. Minidumps are not enabled by default on client versions of Windows
#

---------------  S U M M A R Y ------------

Command Line: git4idea.http.GitAskPassApp Username for 'https://gitee.com': 

Host: AMD Ryzen 5 4600H with Radeon Graphics         , 12 cores, 15G,  Windows 11 , 64 bit Build 22621 (10.0.22621.1928)
Time: Sat Jul 15 23:28:45 2023  Windows 11 , 64 bit Build 22621 (10.0.22621.1928) elapsed time: 0.012923 seconds (0d 0h 0m 0s)

---------------  T H R E A D  ---------------

Current thread (0x000002258c5bd600):  JavaThread "Unknown thread" [_thread_in_vm, id=30120, stack(0x000000d9c4a00000,0x000000d9c4b00000)]

Stack: [0x000000d9c4a00000,0x000000d9c4b00000]
Native frames: (J=compiled Java code, j=interpreted, Vv=VM code, C=native code)
V  [jvm.dll+0x683c5a]
V  [jvm.dll+0x842764]
V  [jvm.dll+0x843f5e]
V  [jvm.dll+0x8445c3]
V  [jvm.dll+0x249b75]
V  [jvm.dll+0x680b29]
V  [jvm.dll+0x67501a]
V  [jvm.dll+0x309acb]
V  [jvm.dll+0x310f86]
V  [jvm.dll+0x3608ee]
V  [jvm.dll+0x360b1f]
V  [jvm.dll+0x2dfbf8]
V  [jvm.dll+0x2e0b64]
V  [jvm.dll+0x814051]
V  [jvm.dll+0x36e6a1]
V  [jvm.dll+0x7f358c]
V  [jvm.dll+0x3f0e8f]
V  [jvm.dll+0x3f29d1]
C  [jli.dll+0x526b]
C  [ucrtbase.dll+0x29363]
C  [KERNEL32.DLL+0x126ad]
C  [ntdll.dll+0x5aa68]


---------------  P R O C E S S  ---------------

Threads class SMR info:
_java_thread_list=0x00007ffeecc9c058, length=0, elements={
}

Java Threads: ( => current thread )

Other Threads:
  0x000002258c6294f0 GCTaskThread "GC Thread#0" [stack: 0x000000d9c4b00000,0x000000d9c4c00000] [id=24992]
  0x000002258c63a230 ConcurrentGCThread "G1 Main Marker" [stack: 0x000000d9c4c00000,0x000000d9c4d00000] [id=29476]
  0x000002258c63ada0 ConcurrentGCThread "G1 Conc#0" [stack: 0x000000d9c4d00000,0x000000d9c4e00000] [id=16372]

[error occurred during error reporting (printing all threads), id 0xc0000005, EXCEPTION_ACCESS_VIOLATION (0xc0000005) at pc=0x00007ffeec450797]

VM state: not at safepoint (not fully initialized)

VM Mutex/Monitor currently owned by a thread:  ([mutex/lock_event])
[0x000002258c5b92e0] Heap_lock - owner thread: 0x000002258c5bd600

Heap address: 0x0000000702000000, size: 4064 MB, Compressed Oops mode: Zero based, Oop shift amount: 3

CDS archive(s) mapped at: [0x0000000000000000-0x0000000000000000-0x0000000000000000), size 0, SharedBaseAddress: 0x0000000800000000, ArchiveRelocationMode: 0.
Narrow klass base: 0x0000000000000000, Narrow klass shift: 0, Narrow klass range: 0x0

GC Precious Log:
<Empty>

Heap:
 garbage-first heap   total 0K, used 0K [0x0000000702000000, 0x0000000800000000)
  region size 2048K, 0 young (0K), 0 survivors (0K)

[error occurred during error reporting (printing heap information), id 0xc0000005, EXCEPTION_ACCESS_VIOLATION (0xc0000005) at pc=0x00007ffeec83da49]

GC Heap History (0 events):
No events

Dll operation events (1 events):
Event: 0.006 Loaded shared library D:\DeskTop\download\WebStorm 2023.1.2\jbr\bin\java.dll

Deoptimization events (0 events):
No events

Classes unloaded (0 events):
No events

Classes redefined (0 events):
No events

Internal exceptions (0 events):
No events

VM Operations (0 events):
No events

Events (0 events):
No events


Dynamic libraries:
0x00007ff6cebc0000 - 0x00007ff6cebca000 	D:\DeskTop\download\WebStorm 2023.1.2\jbr\bin\java.exe
0x00007fff61510000 - 0x00007fff61724000 	C:\WINDOWS\SYSTEM32\ntdll.dll
0x00007fff61140000 - 0x00007fff61202000 	C:\WINDOWS\System32\KERNEL32.DLL
0x00007fff5ec10000 - 0x00007fff5efb3000 	C:\WINDOWS\System32\KERNELBASE.dll
0x00007fff5efc0000 - 0x00007fff5f0d1000 	C:\WINDOWS\System32\ucrtbase.dll
0x00007fff38490000 - 0x00007fff384a7000 	D:\DeskTop\download\WebStorm 2023.1.2\jbr\bin\jli.dll
0x00007fff60680000 - 0x00007fff6082a000 	C:\WINDOWS\System32\USER32.dll
0x00007fff25950000 - 0x00007fff2596b000 	D:\DeskTop\download\WebStorm 2023.1.2\jbr\bin\VCRUNTIME140.dll
0x00007fff5f0e0000 - 0x00007fff5f106000 	C:\WINDOWS\System32\win32u.dll
0x00007fff51400000 - 0x00007fff5168e000 	C:\WINDOWS\WinSxS\amd64_microsoft.windows.common-controls_6595b64144ccf1df_6.0.22621.1635_none_270f70857386168e\COMCTL32.dll
0x00007fff604c0000 - 0x00007fff604e9000 	C:\WINDOWS\System32\GDI32.dll
0x00007fff604f0000 - 0x00007fff60597000 	C:\WINDOWS\System32\msvcrt.dll
0x00007fff5e990000 - 0x00007fff5eaa9000 	C:\WINDOWS\System32\gdi32full.dll
0x00007fff5eab0000 - 0x00007fff5eb4a000 	C:\WINDOWS\System32\msvcp_win.dll
0x00007fff61030000 - 0x00007fff61061000 	C:\WINDOWS\System32\IMM32.DLL
0x00007fff3a220000 - 0x00007fff3a22c000 	D:\DeskTop\download\WebStorm 2023.1.2\jbr\bin\vcruntime140_1.dll
0x00007fff20800000 - 0x00007fff2088d000 	D:\DeskTop\download\WebStorm 2023.1.2\jbr\bin\msvcp140.dll
0x00007ffeec160000 - 0x00007ffeecdce000 	D:\DeskTop\download\WebStorm 2023.1.2\jbr\bin\server\jvm.dll
0x00007fff605d0000 - 0x00007fff6067e000 	C:\WINDOWS\System32\ADVAPI32.dll
0x00007fff61090000 - 0x00007fff61134000 	C:\WINDOWS\System32\sechost.dll
0x00007fff613b0000 - 0x00007fff614c7000 	C:\WINDOWS\System32\RPCRT4.dll
0x00007fff544d0000 - 0x00007fff544da000 	C:\WINDOWS\SYSTEM32\VERSION.dll
0x00007fff38500000 - 0x00007fff38509000 	C:\WINDOWS\SYSTEM32\WSOCK32.dll
0x00007fff60040000 - 0x00007fff600b1000 	C:\WINDOWS\System32\WS2_32.dll
0x00007fff58810000 - 0x00007fff58844000 	C:\WINDOWS\SYSTEM32\WINMM.dll
0x00007fff5d910000 - 0x00007fff5d928000 	C:\WINDOWS\SYSTEM32\kernel.appcore.dll
0x00007fff384f0000 - 0x00007fff384fa000 	D:\DeskTop\download\WebStorm 2023.1.2\jbr\bin\jimage.dll
0x00007fff5c000000 - 0x00007fff5c22e000 	C:\WINDOWS\SYSTEM32\DBGHELP.DLL
0x00007fff5f300000 - 0x00007fff5f689000 	C:\WINDOWS\System32\combase.dll
0x00007fff612d0000 - 0x00007fff613a7000 	C:\WINDOWS\System32\OLEAUT32.dll
0x00007fff40740000 - 0x00007fff40772000 	C:\WINDOWS\SYSTEM32\dbgcore.DLL
0x00007fff5e910000 - 0x00007fff5e98a000 	C:\WINDOWS\System32\bcryptPrimitives.dll
0x00007fff384b0000 - 0x00007fff384d5000 	D:\DeskTop\download\WebStorm 2023.1.2\jbr\bin\java.dll

dbghelp: loaded successfully - version: 4.0.5 - missing functions: none
symbol engine: initialized successfully - sym options: 0x614 - pdb path: .;D:\DeskTop\download\WebStorm 2023.1.2\jbr\bin;C:\WINDOWS\SYSTEM32;C:\WINDOWS\WinSxS\amd64_microsoft.windows.common-controls_6595b64144ccf1df_6.0.22621.1635_none_270f70857386168e;D:\DeskTop\download\WebStorm 2023.1.2\jbr\bin\server

VM Arguments:
java_command: git4idea.http.GitAskPassApp Username for 'https://gitee.com': 
java_class_path (initial): D:/DeskTop/download/WebStorm 2023.1.2/plugins/vcs-git/lib/git4idea-rt.jar;D:/DeskTop/download/WebStorm 2023.1.2/lib/externalProcess-rt.jar
Launcher Type: SUN_STANDARD

[Global flags]
     intx CICompilerCount                          = 4                                         {product} {ergonomic}
     uint ConcGCThreads                            = 3                                         {product} {ergonomic}
     uint G1ConcRefinementThreads                  = 10                                        {product} {ergonomic}
   size_t G1HeapRegionSize                         = 2097152                                   {product} {ergonomic}
    uintx GCDrainStackTargetSize                   = 64                                        {product} {ergonomic}
   size_t InitialHeapSize                          = 266338304                                 {product} {ergonomic}
   size_t MarkStackSize                            = 4194304                                   {product} {ergonomic}
   size_t MaxHeapSize                              = 4261412864                                {product} {ergonomic}
   size_t MinHeapDeltaBytes                        = 2097152                                   {product} {ergonomic}
   size_t MinHeapSize                              = 8388608                                   {product} {ergonomic}
    uintx NonNMethodCodeHeapSize                   = 5839372                                {pd product} {ergonomic}
    uintx NonProfiledCodeHeapSize                  = 122909434                              {pd product} {ergonomic}
    uintx ProfiledCodeHeapSize                     = 122909434                              {pd product} {ergonomic}
    uintx ReservedCodeCacheSize                    = 251658240                              {pd product} {ergonomic}
     bool SegmentedCodeCache                       = true                                      {product} {ergonomic}
   size_t SoftMaxHeapSize                          = 4261412864                             {manageable} {ergonomic}
     bool UseCompressedClassPointers               = true                           {product lp64_product} {ergonomic}
     bool UseCompressedOops                        = true                           {product lp64_product} {ergonomic}
     bool UseG1GC                                  = true                                      {product} {ergonomic}
     bool UseLargePagesIndividualAllocation        = false                                  {pd product} {ergonomic}

Logging:
Log output configuration:
 #0: stdout all=warning uptime,level,tags
 #1: stderr all=off uptime,level,tags

Environment Variables:
JAVA_HOME=D:\DeskTop\download\jdk\jdk
PATH=D:\DeskTop\download\Git\mingw64\libexec\git-core;D:\DeskTop\download\Git\mingw64\libexec\git-core;D:\DeskTop\download\Git\mingw64\bin;D:\DeskTop\download\Git\usr\bin;C:\Users\СK\bin;C:\Program Files\Common Files\Oracle\Java\javapath;C:\Program Files (x86)\Common Files\Oracle\Java\javapath;D:\DeskTop\download\vmware\bin;C:\WINDOWS\system32;C:\WINDOWS;C:\WINDOWS\System32\Wbem;C:\WINDOWS\System32\WindowsPowerShell\v1.0;C:\WINDOWS\System32\OpenSSH;C:\Program Files\dotnet;D:\DeskTop\download\Git\cmd;D:\DeskTop\download\jdk\jdk\bin;D:\DeskTop\download\apache-maven-3.8.8\bin;D:\DeskTop\download\nvm;C:\Program Files\nodejs;C:\Program Files (x86)\NVIDIA Corporation\PhysX\Common;C:\Program Files\NVIDIA Corporation\NVIDIA NvDLISR;C:\Program Files\Docker\Docker\resources\bin;D:\DeskTop\download\python\Scripts;D:\DeskTop\download\python;C:\Users\СK\AppData\Local\Microsoft\WindowsApps;D:\DeskTop\download\Microsoft VS Code\bin;D:\DeskTop\download\IntelliJ IDEA 2022.2.5\bin;D:\DeskTop\download\nvm;C:\Program Files\nodejs;C:\Users\СK\AppData\Roaming\npm;D:\DeskTop\download\WebStorm 2023.1.2\bin;C:\Users\СK\AppData\Local\GitHubDesktop\bin;D:\DeskTop\download\PyCharm 2022.3.3\bin;D:\DeskTop\download\PhpStorm 2023.1.3\bin
USERNAME=СK
DISPLAY=:0.0
LC_ALL=en_US.UTF-8
TERM=xterm-256color
TMPDIR=C:\Users\СK\AppData\Local\Temp
OS=Windows_NT
PROCESSOR_IDENTIFIER=AMD64 Family 23 Model 96 Stepping 1, AuthenticAMD
TMP=C:\Users\СK\AppData\Local\Temp
TEMP=C:\Users\СK\AppData\Local\Temp


JNI global refs:

[error occurred during error reporting (JNI global references), id 0xc0000005, EXCEPTION_ACCESS_VIOLATION (0xc0000005) at pc=0x00007ffeec217a10]


---------------  S Y S T E M  ---------------

OS:
 Windows 11 , 64 bit Build 22621 (10.0.22621.1928)
OS uptime: 1 days 12:24 hours
Hyper-V role detected

CPU: total 12 (initial active 12) (12 cores per cpu, 2 threads per core) family 23 model 96 stepping 1 microcode 0x0, cx8, cmov, fxsr, ht, mmx, 3dnowpref, sse, sse2, sse3, ssse3, sse4a, sse4.1, sse4.2, popcnt, lzcnt, tsc, tscinvbit, avx, avx2, aes, clmul, bmi1, bmi2, adx, sha, fma, vzeroupper, clflush, clflushopt, hv

Memory: 4k page, system-wide physical 16253M (2287M free)
TotalPageFile size 29047M (AvailPageFile size 243M)
current process WorkingSet (physical memory assigned to process): 11M, peak: 11M
current process commit charge ("private bytes"): 64M, peak: 318M

vm_info: OpenJDK 64-Bit Server VM (17.0.6+10-b829.9) for windows-amd64 JRE (17.0.6+10-b829.9), built on 2023-04-09 by "builduser" with MS VC++ 16.10 / 16.11 (VS2019)

END.
